<?xml version="1.0" encoding="UTF-8"?>
<testng-results ignored="0" total="4" passed="3" failed="1" skipped="0">
  <reporter-output>
  </reporter-output>
  <suite started-at="2022-02-06T15:50:36 SGT" name="Default suite" finished-at="2022-02-06T15:51:01 SGT" duration-ms="25556">
    <groups>
      <group name="cucumber">
        <method signature="AbstractTestNGCucumberTests.runScenario(io.cucumber.testng.PickleWrapper,io.cucumber.testng.FeatureWrapper)[pri:0, instance:cucumberOptions.TestRunner@1e6a3214]" name="runScenario" class="io.cucumber.testng.AbstractTestNGCucumberTests"/>
      </group> <!-- cucumber -->
    </groups>
    <test started-at="2022-02-06T15:50:36 SGT" name="Default test" finished-at="2022-02-06T15:51:01 SGT" duration-ms="25556">
      <class name="cucumberOptions.TestRunner">
        <test-method is-config="true" signature="setUpClass(org.testng.ITestContext)[pri:0, instance:cucumberOptions.TestRunner@1e6a3214]" started-at="2022-02-06T15:50:36 SGT" name="setUpClass" finished-at="2022-02-06T15:50:37 SGT" duration-ms="715" status="PASS">
          <params>
            <param index="0">
              <value>
                <![CDATA[org.testng.TestRunner@14dc3f89]]>
              </value>
            </param>
          </params>
          <reporter-output>
          </reporter-output>
        </test-method> <!-- setUpClass -->
        <test-method signature="runScenario(io.cucumber.testng.PickleWrapper,io.cucumber.testng.FeatureWrapper)[pri:0, instance:cucumberOptions.TestRunner@1e6a3214]" started-at="2022-02-06T15:50:37 SGT" name="runScenario" description="Runs Cucumber Scenarios" data-provider="scenarios" finished-at="2022-02-06T15:51:01 SGT" duration-ms="24221" status="PASS">
          <params>
            <param index="0">
              <value>
                <![CDATA["User search for product"]]>
              </value>
            </param>
            <param index="1">
              <value>
                <![CDATA["Optional[User search for product in the Home page and in the other page]"]]>
              </value>
            </param>
          </params>
          <reporter-output>
          </reporter-output>
        </test-method> <!-- runScenario -->
        <test-method signature="runScenario(io.cucumber.testng.PickleWrapper,io.cucumber.testng.FeatureWrapper)[pri:0, instance:cucumberOptions.TestRunner@1e6a3214]" started-at="2022-02-06T15:50:37 SGT" name="runScenario" description="Runs Cucumber Scenarios" data-provider="scenarios" finished-at="2022-02-06T15:51:01 SGT" duration-ms="24403" status="FAIL">
          <params>
            <param index="0">
              <value>
                <![CDATA["User search for product"]]>
              </value>
            </param>
            <param index="1">
              <value>
                <![CDATA["Optional[User search for product in the Home page and in the other page]"]]>
              </value>
            </param>
          </params>
          <exception class="java.lang.AssertionError">
            <message>
              <![CDATA[expected [No data] but found [Beetroot]]]>
            </message>
            <full-stacktrace>
              <![CDATA[java.lang.AssertionError: expected [No data] but found [Beetroot]
at org.testng.Assert.fail(Assert.java:99)
at org.testng.Assert.failNotEquals(Assert.java:1037)
at org.testng.Assert.assertEqualsImpl(Assert.java:140)
at org.testng.Assert.assertEquals(Assert.java:122)
at org.testng.Assert.assertEquals(Assert.java:629)
at org.testng.Assert.assertEquals(Assert.java:639)
at stepDefinitions.OfferPagestepDefinitions._offer_page_displays_the_veg_name(OfferPagestepDefinitions.java:93)
at âœ½.: Offer page displays the veg name(file:///C:/Elsa/Eclipse-workspace/GovTech/src/test/java/features/searchProduct.feature:8)
]]>
            </full-stacktrace>
          </exception> <!-- java.lang.AssertionError -->
          <reporter-output>
          </reporter-output>
        </test-method> <!-- runScenario -->
        <test-method signature="runScenario(io.cucumber.testng.PickleWrapper,io.cucumber.testng.FeatureWrapper)[pri:0, instance:cucumberOptions.TestRunner@1e6a3214]" started-at="2022-02-06T15:50:37 SGT" name="runScenario" description="Runs Cucumber Scenarios" data-provider="scenarios" finished-at="2022-02-06T15:50:57 SGT" duration-ms="19912" status="PASS">
          <params>
            <param index="0">
              <value>
                <![CDATA["Add items and checkout"]]>
              </value>
            </param>
            <param index="1">
              <value>
                <![CDATA["Optional[Chekout product]"]]>
              </value>
            </param>
          </params>
          <reporter-output>
          </reporter-output>
        </test-method> <!-- runScenario -->
        <test-method signature="runScenario(io.cucumber.testng.PickleWrapper,io.cucumber.testng.FeatureWrapper)[pri:0, instance:cucumberOptions.TestRunner@1e6a3214]" started-at="2022-02-06T15:50:37 SGT" name="runScenario" description="Runs Cucumber Scenarios" data-provider="scenarios" finished-at="2022-02-06T15:50:57 SGT" duration-ms="19940" status="PASS">
          <params>
            <param index="0">
              <value>
                <![CDATA["Add items and checkout"]]>
              </value>
            </param>
            <param index="1">
              <value>
                <![CDATA["Optional[Chekout product]"]]>
              </value>
            </param>
          </params>
          <reporter-output>
          </reporter-output>
        </test-method> <!-- runScenario -->
        <test-method is-config="true" signature="tearDownClass()[pri:0, instance:cucumberOptions.TestRunner@1e6a3214]" started-at="2022-02-06T15:51:01 SGT" name="tearDownClass" finished-at="2022-02-06T15:51:01 SGT" duration-ms="402" status="PASS">
          <reporter-output>
          </reporter-output>
        </test-method> <!-- tearDownClass -->
      </class> <!-- cucumberOptions.TestRunner -->
    </test> <!-- Default test -->
  </suite> <!-- Default suite -->
</testng-results>
